<?xml version="1.0" encoding="UTF-8"?>
<!-- Generated by org.testng.reporters.JUnitXMLReporter -->
<testsuite ignored="2" hostname="Sasikumar" failures="0" tests="1" name="Default test" time="22.149" errors="0" timestamp="2025-06-02T02:02:29 IST">
  <testcase classname="org.bases.RunnerProjectDriver" name="testOne" time="8.944"/>
  <testcase classname="org.bases.RunnerProjectDriver" name="testTwo" time="0.0">
    <ignored/>
  </testcase> <!-- testTwo -->
  <testcase classname="org.bases.RunnerProjectDriver" name="testThree" time="0.0">
    <ignored/>
  </testcase> <!-- testThree -->
</testsuite> <!-- Default test -->
