<?xml version="1.0" encoding="UTF-8"?>
<testng-results ignored="0" total="3" passed="3" failed="0" skipped="0">
  <reporter-output>
  </reporter-output>
  <suite started-at="2025-05-28T15:11:28 IST" name="Default suite" finished-at="2025-05-28T15:11:28 IST" duration-ms="116">
    <groups>
    </groups>
    <test started-at="2025-05-28T15:11:28 IST" name="Default test" finished-at="2025-05-28T15:11:28 IST" duration-ms="116">
      <class name="org.customized.methods.Rough">
        <test-method signature="TestTwo()[pri:0, instance:org.customized.methods.Rough@10e31a9a]" started-at="2025-05-28T15:11:28 IST" name="TestTwo" finished-at="2025-05-28T15:11:28 IST" duration-ms="22" status="PASS">
          <reporter-output>
          </reporter-output>
        </test-method> <!-- TestTwo -->
        <test-method signature="testName()[pri:0, instance:org.customized.methods.Rough@10e31a9a]" started-at="2025-05-28T15:11:28 IST" name="testName" finished-at="2025-05-28T15:11:28 IST" duration-ms="2" status="PASS">
          <reporter-output>
          </reporter-output>
        </test-method> <!-- testName -->
        <test-method signature="testOnes()[pri:0, instance:org.customized.methods.Rough@10e31a9a]" started-at="2025-05-28T15:11:28 IST" name="testOnes" finished-at="2025-05-28T15:11:28 IST" duration-ms="2" status="PASS">
          <reporter-output>
          </reporter-output>
        </test-method> <!-- testOnes -->
      </class> <!-- org.customized.methods.Rough -->
    </test> <!-- Default test -->
  </suite> <!-- Default suite -->
</testng-results>
